<?xml version="1.0" encoding="UTF-8"?>
<testng-results ignored="0" total="1" passed="1" failed="0" skipped="0">
  <reporter-output>
  </reporter-output>
  <suite started-at="2023-06-10T10:12:33 IST" name="Default suite" finished-at="2023-06-10T10:19:04 IST" duration-ms="390210">
    <groups>
    </groups>
    <test started-at="2023-06-10T10:12:33 IST" name="Default test" finished-at="2023-06-10T10:19:04 IST" duration-ms="390210">
      <class name="PJInvoice_Test.PJ_Test">
        <test-method is-config="true" signature="setup()[pri:0, instance:PJInvoice_Test.PJ_Test@353d0772]" started-at="2023-06-10T10:12:34 IST" name="setup" finished-at="2023-06-10T10:12:58 IST" duration-ms="24757" status="PASS">
          <reporter-output>
          </reporter-output>
        </test-method> <!-- setup -->
        <test-method signature="data()[pri:0, instance:PJInvoice_Test.PJ_Test@353d0772]" started-at="2023-06-10T10:12:58 IST" name="data" finished-at="2023-06-10T10:19:04 IST" duration-ms="365399" status="PASS">
          <reporter-output>
          </reporter-output>
        </test-method> <!-- data -->
        <test-method is-config="true" signature="exit()[pri:0, instance:PJInvoice_Test.PJ_Test@353d0772]" started-at="2023-06-10T10:19:04 IST" name="exit" finished-at="2023-06-10T10:19:04 IST" duration-ms="4" status="PASS">
          <reporter-output>
          </reporter-output>
        </test-method> <!-- exit -->
      </class> <!-- PJInvoice_Test.PJ_Test -->
    </test> <!-- Default test -->
  </suite> <!-- Default suite -->
</testng-results>
